[    0.000000] Initializing cgroup subsys cpuset
[    0.000000] Initializing cgroup subsys cpu
[    0.000000] Initializing cgroup subsys cpuacct
[    0.000000] Linux version 4.4.0-138-generic (buildd@lcy01-amd64-006) (gcc version 5.4.0 20160609 (Ubuntu 5.4.0-6ubuntu1~16.04.10) ) #164-Ubuntu SMP Tue Oct 2 17:16:02 UTC 2018 (Ubuntu 4.4.0-138.164-generic 4.4.155)
[    0.000000] Command line: BOOT_IMAGE=/boot/vmlinuz-4.4.0-138-generic root=LABEL=cloudimg-rootfs ro console=tty1 console=ttyS0
[    0.000000] KERNEL supported cpus:
[    0.000000]   Intel GenuineIntel
[    0.000000]   AMD AuthenticAMD
[    0.000000]   Centaur CentaurHauls
[    0.000000] x86/fpu: xstate_offset[2]:  576, xstate_sizes[2]:  256
[    0.000000] x86/fpu: Supporting XSAVE feature 0x01: 'x87 floating point registers'
[    0.000000] x86/fpu: Supporting XSAVE feature 0x02: 'SSE registers'
[    0.000000] x86/fpu: Supporting XSAVE feature 0x04: 'AVX registers'
[    0.000000] x86/fpu: Enabled xstate features 0x7, context size is 832 bytes, using 'standard' format.
[    0.000000] e820: BIOS-provided physical RAM map:
[    0.000000] BIOS-e820: [mem 0x0000000000000000-0x000000000009fbff] usable
[    0.000000] BIOS-e820: [mem 0x000000000009fc00-0x000000000009ffff] reserved
[    0.000000] BIOS-e820: [mem 0x00000000000f0000-0x00000000000fffff] reserved
[    0.000000] BIOS-e820: [mem 0x0000000000100000-0x000000001ffeffff] usable
[    0.000000] BIOS-e820: [mem 0x000000001fff0000-0x000000001fffffff] ACPI data
[    0.000000] BIOS-e820: [mem 0x00000000fec00000-0x00000000fec00fff] reserved
[    0.000000] BIOS-e820: [mem 0x00000000fee00000-0x00000000fee00fff] reserved
[    0.000000] BIOS-e820: [mem 0x00000000fffc0000-0x00000000ffffffff] reserved
[    0.000000] NX (Execute Disable) protection: active
[    0.000000] SMBIOS 2.5 present.
[    0.000000] Hypevvssor detected: KVM
[    0.000000] e820: last_pfn = 0x1fff0 max_arch_pfn = 0x400000000
[    0.000000] MTRR: Disabled
[    0.000000] x86/PAT: MTRRs disabled, skipping PAT initialization too.
[    0.000000] CPU MTRRs all blank - virtualized system.
[    0.000000] x86/PAT: Configuration [0-7]: WB  WT  UC- UC  WB  WT  UC- UC  
[    0.000000] found SMP MP-table at [mem 0x0009fff0-0x0009ffff] mapped at [ffff88000009fff0]
[    0.000000] Scanning 1 areas for low memory corruption
[    0.000000] RAMDISK: [mem 0x1e8bf000-0x1f731fff]
[    0.000000] ACPI: Early table checksum verification disabled
[    0.000000] ACPI: RSDP 0x00000000000E0000 000024 (v02 VBOX  )
[    0.000000] ACPI: XSDT 0x000000001FFF0030 00003C (v01 VBOX   VBOXXSDT 00000001 ASL  00000061)
[    0.000000] ACPI: FACP 0x000000001FFF00F0 0000F4 (v04 VBOX   VBOXFACP 00000001 ASL  00000061)
[    0.000000] ACPI: DSDT 0x000000001FFF0470 0021FF (v02 VBOX   VBOXBIOS 00000002 INTL 20100528)
[    0.000000] ACPI: FACS 0x000000001FFF0200 000040
[    0.000000] ACPI: FACS 0x000000001FFF0200 000040
[    0.000000] ACPI: APIC 0x000000001FFF0240 000054 (v02 VBOX   VBOXAPIC 00000001 ASL  00000061)
[    0.000000] ACPI: SSDT 0x000000001FFF02A0 0001CC (v01 VBOX   VBOXCPUT 00000002 INTL 20100528)
[    0.000000] No NUMA configuration found
[    0.000000] Faking a node at [mem 0x0000000000000000-0x000000001ffeffff]
[    0.000000] NODE_DATA(0) allocated [mem 0x1ffeb000-0x1ffeffff]
[    0.000000] kvm-clock: Using msrs 4b564d01 and 4b564d00
[    0.000000] kvm-clock: cpu 0, msr 0:1ffe3001, primary cpu clock
[    0.000000] kvm-clock: using sched offset of 3410845651 cycles
[    0.000000] clocksource: kvm-clock: mask: 0xffffffffffffffff max_cycles: 0x1cd42e4dffb, max_idle_ns: 881590591483 ns
[    0.000000] Zone ranges:

[    0.000000]   DMA      [mem 0x0000000000001000-0x0000000000ffffff]
[    0.000000]   DMA32    [mem 0x0000000001000000-0x000000001ffeffff]
[    0.000000]   Normal   empty
[    0.000000]   Device   empty
[    0.000000] Movable zone start for each node
[    0.000000] Early memory node ranges
[    0.000000]   node   0: [mem 0x0000000000001000-0x000000000009efff]
[    0.000000]   node   0: [mem 0x0000000000100000-0x000000001ffeffff]
[    0.000000] Initmem setup node 0 [mem 0x0000000000001000-0x000000001ffeffff]
[    0.000000] ACPI: PM-Timer IO Port: 0x4008
[    0.000000] IOAPIC[0]: apic_id 1, version 32, address 0xfec00000, GSI 0-23
[    0.000000] ACPI: INT_SRC_OVR (bus 0 bus_irq 0 global_irq 2 dfl dfl)
[    0.000000] ACPI: INT_SRC_OVR (bus 0 bus_irq 9 global_irq 9 low level)
[    0.000000] Using ACPI (MADT) for SMP configuration information
[    0.000000] smpboot: Allowing 1 CPUs, 0 hotplug CPUs
[    0.000000] PM: Registered nosave memory: [mem 0x00000000-0x00000fff]
[    0.000000] PM: Registered nosave memory: [mem 0x0009f000-0x0009ffff]
[    0.000000] PM: Registered nosave memory: [mem 0x000a0000-0x000effff]
[    0.000000] PM: Registered nosave memory: [mem 0x000f0000-0x000fffff]
[    0.000000] e820: [mem 0x20000000-0xfebfffff] available for PCI devices
[    0.000000] Booting paravirtualized kernel on KVM
[    0.000000] clocksource: refined-jiffies: mask: 0xffffffff max_cycles: 0xffffffff, max_idle_ns: 7645519600211568 ns
[    0.000000] setup_percpu: NR_CPUS:512 nr_cpumask_bits:512 nr_cpu_ids:1 nr_node_ids:1
[    0.000000] PERCPU: Embedded 34 pages/cpu @ffff88001fc00000 s99608 r8192 d31464 u2097152
[    0.000000] PV qspinlock hash table entries: 256 (order: 0, 4096 bytes)
[    0.000000] Built 1 zonelists in Node order, mobility grouping on.  Total pages: 128888
[    0.000000] Policy zone: DMA32
[    0.000000] Kernel command line: BOOT_IMAGE=/boot/vmlinuz-4.4.0-138-generic root=LABEL=cloudimg-rootfs ro console=tty1 console=ttyS0
[    0.000000] PID hash table entries: 2048 (order: 2, 16384 bytes)
[    0.000000] Memory: 481764K/523832K available (8563K kernel code, 1314K rwdata, 4004K rodata, 1528K init, 1316K bss, 42068K reserved, 0K cma-reserved)
[    0.000000] SLUB: HWalign=64, Order=0-3, MinObjects=0, CPUs=1, Nodes=1
[    0.000000] Kernel/User page tables isolation: enabled
[    0.000000] Hierarchical RCU implementation.
[    0.000000] 	Build-time adjustment of leaf fanout to 64.
[    0.000000] 	RCU restricting CPUs from NR_CPUS=512 to nr_cpu_ids=1.
[    0.000000] RCU: Adjusting geometry for rcu_fanout_leaf=64, nr_cpu_ids=1
[    0.000000] NR_IRQS:33024 nr_irqs:256 16
[    0.000000] Console: colour VGA+ 80x25
[    0.000000] console [tty1] enabled
[    0.000000] console [ttyS0] enabled
[    0.000000] tsc: Detected 2494.226 MHz processor
[    1.108963] Calibrating delay loop (skipped) preset value.. 4988.45 BogoMIPS (lpj=9976904)
[    1.111151] pid_max: default: 32768 minimum: 301
[    1.112258] ACPI: Core revision 20150930
[    1.114069] ACPI: 2 ACPI AML tables successfully acquired and loaded
[    1.115740] Security Framework initialized
[    1.116919] Yama: becoming mindful.
[    1.117856] AppArmor: AppArmor initialized
[    1.119144] Dentry cache hash table entries: 65536 (order: 7, 524288 bytes)
[    1.120946] Inode-cache hash table entries: 32768 (order: 6, 262144 bytes)
[    1.124163] Mount-cache hash table entries: 1024 (order: 1, 8192 bytes)
[    1.145449] Mountpoint-cache hash table entries: 1024 (order: 1, 8192 bytes)
[    1.157439] Initializing cgroup subsys io
[    1.159147] Initializing cgroup subsys memory
[    1.163506] Initializing cgroup subsys devices
[    1.166773] Initializing cgroup subsys freezer
[    1.170665] Initializing cgroup subsys net_cls
[    1.172029] Initializing cgroup subsys perf_event
[    1.173588] Initializing cgroup subsys net_prio
[    1.175096] Initializing cgroup subsys hugetlb
[    1.176529] Initializing cgroup subsys pids
[    1.178873] mce: CPU supports 0 MCE banks
[    1.180249] process: using mwait in idle threads
[    1.183682] Last level iTLB entries: 4KB 1024, 2MB 1024, 4MB 1024
[    1.185755] Last level dTLB entries: 4KB 1024, 2MB 1024, 4MB 1024, 1GB 4
[    1.196337] Spectre V2 : Mitigation: Full generic retpoline
[    1.202293] Spectre V2 : Spectre v2 mitigation: Speculation control IBPB not-supported IBRS not-supported
[    1.206493] Spectre V2 : Spectre v2 / SpectreRSB mitigation: Filling RSB on context switch
[    1.210916] Speculative Store Bypass: Vulnerable
[    1.234333] Freeing SMP alternatives memory: 32K
[    1.243227] ftrace: allocating 32278 entries in 127 pages
[    1.293032] smpboot: APIC(0) Converting physical 0 to logical package 0
[    1.294994] smpboot: Max logical packages: 1
[    1.297483] x2apic enabled
[    1.298416] Switched APIC routing to physical x2apic.
[    1.300665] ..TIMER: vector=0x30 apic1=0 pin1=2 apic2=-1 pin2=-1
[    1.412632] smpboot: CPU0: Intel(R) Core(TM) i7-4870HQ CPU @ 2.50GHz (family: 0x6, model: 0x46, stepping: 0x1)
[    1.422792] Performance Events: unsupported p6 CPU model 70 no PMU driver, software events only.
[    1.431191] KVM setup paravirtual spinlock
[    1.436949] x86: Booted up 1 node, 1 CPUs
[    1.438502] smpboot: Total of 1 processors activated (4988.45 BogoMIPS)
[    1.449234] devtmpfs: initialized
[    1.453010] evm: security.selinux
[    1.457876] evm: security.SMACK64
[    1.460417] evm: security.SMACK64EXEC
[    1.461581] evm: security.SMACK64TRANSMUTE
[    1.463824] evm: security.SMACK64MMAP
[    1.467330] evm: security.ima
[    1.468199] evm: security.capability
[    1.469300] clocksource: jiffies: mask: 0xffffffff max_cycles: 0xffffffff, max_idle_ns: 7645041785100000 ns
[    1.475098] futex hash table entries: 256 (order: 2, 16384 bytes)
[    1.476656] pinctrl core: initialized pinctrl subsystem
[    1.478184] RTC time: 22:17:12, date: 10/29/18
[    1.479433] NET: Registered protocol family 16
[    1.480644] cpuidle: using governor ladder
[    1.481796] cpuidle: using governor menu
[    1.482750] PCCT header not found.
[    1.483681] ACPI: bus type PCI registered
[    1.484767] acpiphp: ACPI Hot Plug PCI Controller Driver version: 0.5
[    1.486418] PCI: Using configuration type 1 for base access
[    1.490313] ACPI: Added _OSI(Module Device)
[    1.491365] ACPI: Added _OSI(Processor Device)
[    1.492527] ACPI: Added _OSI(3.0 _SCP Extensions)
[    1.495664] ACPI: Added _OSI(Processor Aggregator Device)
[    1.497575] ACPI: Executed 1 blocks of module-level executable AML code
[    1.500895] ACPI: Interpreter enabled
[    1.503833] ACPI: (supports S0 S5)
[    1.504858] ACPI: Using IOAPIC for interrupt routing
[    1.506261] PCI: Using host bridge windows from ACPI; if necessary, use "pci=nocrs" and report a bug
[    1.512620] ACPI: PCI Root Bridge [PCI0] (domain 0000 [bus 00-ff])
[    1.514132] acpi PNP0A03:00: _OSC: OS supports [ASPM ClockPM Segments MSI]
[    1.515677] acpi PNP0A03:00: _OSC: not requesting OS control; OS requires [ExtendedConfig ASPM ClockPM MSI]
[    1.518094] acpi PNP0A03:00: fail to add MMCONFIG information, can't access extended PCI configuration space under this bridge.
[    1.521153] PCI host bridge to bus 0000:00
[    1.522183] pci_bus 0000:00: root bus resource [io  0x0000-0x0cf7 window]
[    1.525188] pci_bus 0000:00: root bus resource [io  0x0d00-0xffff window]
[    1.527141] pci_bus 0000:00: root bus resource [mem 0x000a0000-0x000bffff window]
[    1.528992] pci_bus 0000:00: root bus resource [mem 0x20000000-0xfdffffff window]
[    1.530898] pci_bus 0000:00: root bus resource [bus 00-ff]
[    1.534916] pci 0000:00:01.1: legacy IDE quirk: reg 0x10: [io  0x01f0-0x01f7]
[    1.536540] pci 0000:00:01.1: legacy IDE quirk: reg 0x14: [io  0x03f6]
[    1.538327] pci 0000:00:01.1: legacy IDE quirk: reg 0x18: [io  0x0170-0x0177]
[    1.539949] pci 0000:00:01.1: legacy IDE quirk: reg 0x1c: [io  0x0376]
[    1.551939] pci 0000:00:07.0: quirk: [io  0x4000-0x403f] claimed by PIIX4 ACPI
[    1.562041] pci 0000:00:07.0: quirk: [io  0x4100-0x410f] claimed by PIIX4 SMB
[    1.575460] ACPI: PCI Interrupt Link [LNKA] (IRQs 5 9 10 *11)
[    1.609857] ACPI: PCI Interrupt Link [LNKB] (IRQs 5 9 *10 11)
[    1.622780] ACPI: PCI Interrupt Link [LNKC] (IRQs 5 *9 10 11)
[    1.626287] ACPI: PCI Interrupt Link [LNKD] (IRQs 5 9 10 *11)
[    1.632197] ACPI: Enabled 2 GPEs in block 00 to 07
[    1.636235] vgaarb: setting as boot device: PCI:0000:00:02.0
[    1.637688] vgaarb: device added: PCI:0000:00:02.0,decodes=io+mem,owns=io+mem,locks=none
[    1.641674] vgaarb: loaded
[    1.644031] vgaarb: bridge control possible 0000:00:02.0
[    1.645487] SCSI subsystem initialized
[    1.650617] ACPI: bus type USB registered
[    1.651790] usbcore: registered new interface driver usbfs
[    1.656109] usbcore: registered new interface driver hub
[    1.662551] usbcore: registered new device driver usb
[    1.668672] PCI: Using ACPI for IRQ routing
[    1.675219] NetLabel: Initializing
[    1.683027] NetLabel:  domain hash size = 128
[    1.684079] NetLabel:  protocols = UNLABELED CIPSOv4
[    1.688487] NetLabel:  unlabeled traffic allowed by default
[    1.692158] amd_nb: Cannot enumerate AMD northbridges
[    1.695391] clocksource: Switched to clocksource kvm-clock
[    1.707564] AppArmor: AppArmor Filesystem Enabled
[    1.708960] pnp: PnP ACPI init
[    1.710893] pnp: PnP ACPI: found 3 devices
[    1.717509] clocksource: acpi_pm: mask: 0xffffff max_cycles: 0xffffff, max_idle_ns: 2085701024 ns
[    1.719627] NET: Registered protocol family 2
[    1.723503] TCP established hash table entries: 4096 (order: 3, 32768 bytes)
[    1.727419] TCP bind hash table entries: 4096 (order: 4, 65536 bytes)
[    1.728933] TCP: Hash tables configured (established 4096 bind 4096)
[    1.730417] UDP hash table entries: 256 (order: 1, 8192 bytes)
[    1.733487] UDP-Lite hash table entries: 256 (order: 1, 8192 bytes)
[    1.745953] NET: Registered protocol family 1
[    1.755961] pci 0000:00:00.0: Limiting direct PCI/PCI transfers
[    1.762679] pci 0000:00:01.0: Activating ISA DMA hang workarounds
[    1.769820] Unpacking initramfs...
[    1.975783] Freeing initrd memory: 14796K
[    1.978859] platform rtc_cmos: registered platform RTC device (no PNP device found)
[    1.980987] Scanning for low memory corruption every 60 seconds
[    1.982697] audit: initializing netlink subsys (disabled)
[    1.984002] audit: type=2000 audit(1540851437.268:1): initialized
[    1.988591] Initialise system trusted keyring
[    1.989797] HugeTLB registered 2 MB page size, pre-allocated 0 pages
[    1.993841] zbud: loaded
[    1.995004] VFS: Disk quotas dquot_6.6.0
[    1.996176] VFS: Dquot-cache hash table entries: 512 (order 0, 4096 bytes)
[    1.998298] squashfs: version 4.0 (2009/01/31) Phillip Lougher
[    2.000115] fuse init (API version 7.23)
[    2.001470] Key type big_key registered
[    2.002557] Allocating IMA MOK and blacklist keyrings.
[    2.003931] Key type asymmetric registered
[    2.004967] Asymmetric key parser 'x509' registered
[    2.008092] Block layer SCSI generic (bsg) driver version 0.4 loaded (major 249)
[    2.014061] io scheduler noop registered
[    2.015044] io scheduler deadline registered (default)
[    2.016549] io scheduler cfq registered
[    2.017726] pci_hotplug: PCI Hot Plug PCI Core version: 0.5
[    2.019076] pciehp: PCI Express Hot Plug Controller Driver version: 0.4
[    2.026188] ACPI: AC Adapter [AC] (on-line)
[    2.028536] input: Power Button as /devices/LNXSYSTM:00/LNXPWRBN:00/input/input0
[    2.031959] ACPI: Power Button [PWRF]
[    2.032932] input: Sleep Button as /devices/LNXSYSTM:00/LNXSLPBN:00/input/input1
[    2.034922] ACPI: Sleep Button [SLPF]
[    2.045702] ACPI: Battery Slot [BAT0] (battery present)
[    2.050249] GHES: HEST is not enabled!
[    2.052502] Serial: 8250/16550 driver, 32 ports, IRQ sharing enabled
[    2.094533] 00:02: ttyS0 at I/O 0x3f8 (irq = 4, base_baud = 115200) is a 16550A
[    2.106138] Linux agpgart interface v0.103
[    2.116999] loop: module loaded
[    2.120160] scsi host0: ata_piix
[    2.134753] scsi host1: ata_piix
[    2.137043] ata1: PATA max UDMA/33 cmd 0x1f0 ctl 0x3f6 bmdma 0xd000 irq 14
[    2.155703] ata2: PATA max UDMA/33 cmd 0x170 ctl 0x376 bmdma 0xd008 irq 15
[    2.164825] libphy: Fixed MDIO Bus: probed
[    2.167935] tun: Universal TUN/TAP device driver, 1.6
[    2.172983] tun: (C) 1999-2004 Max Krasnyansky <maxk@qualcomm.com>
[    2.174710] PPP generic driver version 2.4.2
[    2.180571] ehci_hcd: USB 2.0 'Enhanced' Host Controller (EHCI) Driver
[    2.185722] ehci-pci: EHCI PCI platform driver
[    2.186984] ehci-platform: EHCI generic platform driver
[    2.188389] ohci_hcd: USB 1.1 'Open' Host Controller (OHCI) Driver
[    2.189827] ohci-pci: OHCI PCI platform driver
[    2.192853] ohci-platform: OHCI generic platform driver
[    2.196157] uhci_hcd: USB Universal Host Controller Interface driver
[    2.197819] i8042: PNP: PS/2 Controller [PNP0303:PS2K,PNP0f03:PS2M] at 0x60,0x64 irq 1,12
[    2.203941] serio: i8042 KBD port at 0x60,0x64 irq 1
[    2.205193] serio: i8042 AUX port at 0x60,0x64 irq 12
[    2.206545] mousedev: PS/2 mouse device common for all mice
[    2.208188] input: AT Translated Set 2 keyboard as /devices/platform/i8042/serio0/input/input2
[    2.210610] rtc_cmos rtc_cmos: rtc core: registered rtc_cmos as rtc0
[    2.215244] rtc_cmos rtc_cmos: alarms up to one day, 114 bytes nvram
[    2.221044] i2c /dev entries driver
[    2.222112] device-mapper: uevent: version 1.0.3
[    2.223399] device-mapper: ioctl: 4.34.0-ioctl (2015-10-28) initialised: dm-devel@redhat.com
[    2.225559] ledtrig-cpu: registered to indicate activity on CPUs
[    2.227143] NET: Registered protocol family 10
[    2.228366] NET: Registered protocol family 17
[    2.229435] Key type dns_resolver registered
[    2.230718] registered taskstats version 1
[    2.231846] Loading compiled-in X.509 certificates
[    2.233522] Loaded X.509 cert 'Build time autogenerated kernel key: 9a104bc44b81e9426fe5c715e47d021d02d69eba'
[    2.237451] zswap: loaded using pool lzo/zbud
[    2.240169] Key type trusted registered
[    2.249616] Key type encrypted registered
[    2.250978] AppArmor: AppArmor sha1 policy hashing enabled
[    2.260058] ima: No TPM chip found, activating TPM-bypass!
[    2.264557] ima: Allocated hash algorithm: sha1
[    2.276364] evm: HMAC attrs: 0x1
[    2.281513]   Magic number: 6:260:301
[    2.285696] tty tty30: hash matches
[    2.287709] rtc_cmos rtc_cmos: setting system clock to 2018-10-29 22:17:13 UTC (1540851433)
[    2.295542] BIOS EDD facility v0.16 2004-Jun-25, 0 devices found
[    2.301742] EDD information not available.
[    2.320582] Freeing unused kernel memory: 1528K
[    2.323616] Write protecting the kernel read-only data: 14336k
[    2.327727] Freeing unused kernel memory: 1664K
[    2.334968] Freeing unused kernel memory: 92K
Loading, please wait...
starting version 229
[    2.354550] random: udevadm: uninitialized urandom read (16 bytes read, 2 bits of entropy available)
[    2.359632] random: systemd-udevd: uninitialized urandom read (16 bytes read, 2 bits of entropy available)
[    2.362418] random: systemd-udevd: uninitialized urandom read (16 bytes read, 2 bits of entropy available)
[    2.364736] random: systemd-udevd: uninitialized urandom read (16 bytes read, 2 bits of entropy available)
[    2.367695] random: systemd-udevd: uninitialized urandom read (16 bytes read, 2 bits of entropy available)
[    2.370180] random: udevadm: uninitialized urandom read (16 bytes read, 2 bits of entropy available)
[    2.380919] random: systemd-udevd: uninitialized urandom read (16 bytes read, 2 bits of entropy available)
[    2.391854] random: udevadm: uninitialized urandom read (16 bytes read, 2 bits of entropy available)
[    2.394338] random: udevadm: uninitialized urandom read (16 bytes read, 2 bits of entropy available)
[    2.396569] random: systemd-udevd: uninitialized urandom read (16 bytes read, 2 bits of entropy available)
[    2.449854] e1000: Intel(R) PRO/1000 Network Driver - version 7.3.21-k8-NAPI
[    2.454879] e1000: Copyright (c) 1999-2006 Intel Corporation.
[    2.460487] Fusion MPT base driver 3.04.20
[    2.462871] Copyright (c) 1999-2008 LSI Corporation
[    2.485172] Fusion MPT SPI Host driver 3.04.20
[    2.501607] AVX2 version of gcm_enc/dec engaged.
[    2.504431] AES CTR mode by8 optimization enabled
[    2.509122] mptbase: ioc0: Initiating bringup
[    2.572567] ioc0: LSI53C1030 A0: Capabilities={Initiator}
[    2.669276] input: ImExPS/2 Generic Explorer Mouse as /devices/platform/i8042/serio1/input/input4
[    2.737428] scsi host2: ioc0: LSI53C1030 A0, FwRev=00000000h, Ports=1, MaxQ=256, IRQ=20
[    2.849673] scsi 2:0:0:0: Direct-Access     VBOX     HARDDISK         1.0  PQ: 0 ANSI: 5
[    2.852209] scsi target2:0:0: Beginning Domain Validation
[    2.854648] scsi target2:0:0: Domain Validation skipping write tests
[    2.857844] scsi target2:0:0: Ending Domain Validation
[    2.859163] scsi target2:0:0: asynchronous
[    2.860618] scsi 2:0:1:0: Direct-Access     VBOX     HARDDISK         1.0  PQ: 0 ANSI: 5
[    2.862613] scsi target2:0:1: Beginning Domain Validation
[    2.864830] scsi target2:0:1: Domain Validation skipping write tests
[    2.866337] scsi target2:0:1: Ending Domain Validation
[    2.867632] scsi target2:0:1: asynchronous
[    2.871871] sd 2:0:0:0: Attached scsi generic sg0 type 0
[    2.873353] sd 2:0:0:0: [sda] 20971520 512-byte logical blocks: (10.7 GB/10.0 GiB)
[    2.880425] sd 2:0:1:0: [sdb] 20480 512-byte logical blocks: (10.5 MB/10.0 MiB)
[    2.890918] sd 2:0:1:0: Attached scsi generic sg1 type 0
[    2.900240] sd 2:0:0:0: [sda] Write Protect is off
[    2.901883] sd 2:0:0:0: [sda] Incomplete mode parameter data
[    2.907628] sd 2:0:0:0: [sda] Assuming drive cache: write through
[    2.920207] sd 2:0:1:0: [sdb] Write Protect is off
[    2.923766] sd 2:0:1:0: [sdb] Incomplete mode parameter data
[    2.928583] sd 2:0:1:0: [sdb] Assuming drive cache: write through
[    2.934729]  sda: sda1
[    2.956777] sd 2:0:0:0: [sda] Attached SCSI disk
[    2.971858] sd 2:0:1:0: [sdb] Attached SCSI disk
[    2.982540] tsc: Refined TSC clocksource calibration: 2492.635 MHz
[    2.989573] clocksource: tsc: mask: 0xffffffffffffffff max_cycles: 0x23ee0c730a2, max_idle_ns: 440795288306 ns
[    3.324746] e1000 0000:00:03.0 eth0: (PCI:33MHz:32-bit) 02:9f:4a:0a:1b:63
[    3.359588] e1000 0000:00:03.0 eth0: Intel(R) PRO/1000 Network Connection
[    3.769842] e1000 0000:00:08.0 eth1: (PCI:33MHz:32-bit) 08:00:27:82:85:be
[    3.771785] e1000 0000:00:08.0 eth1: Intel(R) PRO/1000 Network Connection
[    3.774850] e1000 0000:00:08.0 enp0s8: renamed from eth1
[    3.778365] e1000 0000:00:03.0 enp0s3: renamed from eth0
Begin: Loading essential drivers[    5.062856] md: linear personality registered for level -1
 ... [    5.085317] md: multipath personality registered for level -4
[    5.096533] md: raid0 personality registered for level 0
[    5.112208] md: raid1 personality registered for level 1
[    5.191539] raid6: sse2x1   gen() 10238 MB/s
[    5.279514] raid6: sse2x1   xor()  7850 MB/s
[    5.357488] raid6: sse2x2   gen() 13615 MB/s
[    5.450189] raid6: sse2x2   xor()  9732 MB/s
[    5.535484] raid6: sse2x4   gen() 13976 MB/s
[    5.607663] raid6: sse2x4   xor()  9657 MB/s
[    5.687490] raid6: avx2x1   gen() 15317 MB/s
[    5.759466] raid6: avx2x2   gen() 15794 MB/s
[    5.835603] raid6: avx2x4   gen() 23103 MB/s
[    5.839816] raid6: using algorithm avx2x4 gen() 23103 MB/s
[    5.843751] raid6: using avx2x2 recovery algorithm
[    5.852411] xor: automatically using best checksumming function:
[    5.892113]    avx       : 30629.000 MB/sec
[    5.902382] async_tx: api initialized (async)
[    5.924798] md: raid6 personality registered for level 6
[    5.932083] md: raid5 personality registered for level 5
[    5.941860] md: raid4 personality registered for level 4
[    5.953260] md: raid10 personality registered for level 10
done.
Begin: Running /scripts/init-premount ... done.
Begin: Mounting root file system ... Begin: Running /scripts/local-top ... done.
Begin: Running /scripts/local-premount ... [    5.997842] Btrfs loaded
Scanning for Btrfs filesystems
done.
Warning: fsck not present, so skipping root file system
[    6.034643] EXT4-fs (sda1): mounted filesystem with ordered data mode. Opts: (null)
done.
Begin: Running /scripts/local-bottom ... done.
Begin: Running /scripts/init-bottom ... done.
[    6.103743] systemd[1]: systemd 229 running in system mode. (+PAM +AUDIT +SELINUX +IMA +APPARMOR +SMACK +SYSVINIT +UTMP +LIBCRYPTSETUP +GCRYPT +GNUTLS +ACL +XZ -LZ4 +SECCOMP +BLKID +ELFUTILS +KMOD -IDN)
[    6.108017] systemd[1]: Detected virtualization oracle.
[    6.112690] systemd[1]: Detected architecture x86-64.

Welcome to [1mUbuntu 16.04.5 LTS[0m!

[    6.117467] systemd[1]: Set hostname to <ubuntu>.
[    6.121292] systemd[1]: Initializing machine ID from random generator.
[    6.122898] systemd[1]: Installed transient /etc/machine-id file.
[    6.216893] systemd[1]: Started Trigger resolvconf update for networkd DNS.
[[0;32m  OK  [0m] Started Trigger resolvconf update for networkd DNS.
[    6.227713] systemd[1]: Listening on Syslog Socket.
[[0;32m  OK  [0m] Listening on Syslog Socket.
[    6.230977] systemd[1]: Listening on Journal Socket (/dev/log).
[[0;32m  OK  [0m] Listening on Journal Socket (/dev/log).
[    6.236488] systemd[1]: Listening on Device-mapper event daemon FIFOs.
[[0;32m  OK  [0m] Listening on Device-mapper event daemon FIFOs.
[    6.240686] systemd[1]: Listening on LVM2 metadata daemon socket.
[[0;32m  OK  [0m] Listening on LVM2 metadata daemon socket.
[    6.259833] systemd[1]: Listening on udev Control Socket.
[[0;32m  OK  [0m] Listening on udev Control Socket.
[    6.304409] systemd[1]: Listening on udev Kernel Socket.
[[0;32m  OK  [0m] Listening on udev Kernel Socket.
[    6.340124] systemd[1]: Reached target Swap.
[[0;32m  OK  [0m] Reached target Swap.
[    6.355807] systemd[1]: Listening on Journal Socket.
[[0;32m  OK  [0m] Listening on Journal Socket.
[    6.375321] systemd[1]: Reached target Encrypted Volumes.
[[0;32m  OK  [0m] Reached target Encrypted Volumes.
[    6.379785] systemd[1]: Reached target User and Group Name Lookups.
[[0;32m  OK  [0m] Reached target User and Group Name Lookups.
[    6.436135] systemd[1]: Set up automount Arbitrary Executable File Formats File System Automount Point.
[[0;32m  OK  [0m] Set up automount Arbitrary Executab...ats File System Automount Point.
[    6.516075] systemd[1]: Listening on LVM2 poll daemon socket.
[[0;32m  OK  [0m] Listening on LVM2 poll daemon socket.
[    6.544959] systemd[1]: Listening on Journal Audit Socket.
[[0;32m  OK  [0m] Listening on Journal Audit Socket.
[    6.564232] systemd[1]: Created slice System Slice.
[[0;32m  OK  [0m] Created slice System Slice.
[    6.611835] systemd[1]: Starting Monitoring of LVM2 mirrors, snapshots etc. using dmeventd or progress polling...
         Starting Monitoring of LVM2 mirrors... dmeventd or progress polling...
[    6.664891] systemd[1]: Created slice system-serial\x2dgetty.slice.
[[0;32m  OK  [0m] Created slice system-serial\x2dgetty.slice.
[    6.688719] systemd[1]: Starting Journal Service...
         Starting Journal Service...
[    6.699865] systemd[1]: Starting Remount Root and Kernel File Systems...
         Starting Remount Root and Kernel File Systems...
[    6.710716] systemd[1]: Starting Create list of required static device nodes for the current kernel...
[    6.716039] EXT4-fs (sda1): re-mounted. Opts: (null)
         Starting Create list of required st... nodes for the current kernel...
[    6.729786] systemd[1]: Starting Uncomplicated firewall...
         Starting Uncomplicated firewall...
[    6.736053] systemd[1]: Starting Nameserver information manager...
         Starting Nameserver information manager...
[    6.742644] systemd[1]: Starting Set console keymap...
         Starting Set console keymap...
[    6.750695] systemd[1]: Mounting Debug File System...
         Mounting Debug File System...
[    6.763126] systemd[1]: Mounting POSIX Message Queue File System...
         Mounting POSIX Message Queue File System...
[    6.776755] systemd[1]: Started Forward Password Requests to Wall Directory Watch.
[[0;32m  OK  [0m] Started Forward Password Requests to Wall Directory Watch.
[    6.797176] systemd[1]: Starting Load Kernel Modules...
         Starting Load Kernel Modules...
[    6.832333] systemd[1]: Created slice User and Session Slice.
[    6.837586] Loading iSCSI transport class v2.0-870.
[[0;32m  OK  [0m] Created slice User and Session Slice.
[    6.845853] systemd[1]: Reached target Slices.
[[0;32m  OK  [0m[    6.856841] iscsi: registered transport (tcp)
] Reached target Slices.
[    6.866963] systemd[1]: Mounting Huge Pages File System...
         Mounting Huge Pages File System...
[    6.885912] systemd[1]: Reached target System Time Synchronized.
[[0;32m  OK  [0m] Reached target System Time Synchronized.
[    6.899874] systemd[1]: Listening on /dev/initctl Compatibility Named Pipe.
[[0;32m  OK  [0m] Listening on /dev/initctl Compatibility Named Pipe.
[    6.921259] systemd[1]: Mounted Huge Pages File System.
[[0;32m  OK  [0m] Mounted Huge Pages File System.
[    6.925989] iscsi: registered transport (iser)
[    6.928605] systemd[1]: Mounted POSIX Message Queue File System.
[[0;32m  OK  [0m] Mounted POSIX Message Queue File System.
[    6.934234] systemd[1]: Mounted Debug File System.
[[0;32m  OK  [0m] Mounted Debug File System.
[    6.938110] systemd[1]: Started Journal Service.
[[0;32m  OK  [0m] Started Journal Service.
[[0;32m  OK  [0m] Started Remount Root and Kernel File Systems.
[[0;32m  OK  [0m] Started Create list of required sta...ce nodes for the current kernel.
[[0;32m  OK  [0m] Started Uncomplicated firewall.
[[0;32m  OK  [0m] Started Set console keymap.
[[0;32m  OK  [0m] Started Load Kernel Modules.
[[0;32m  OK  [0m] Started Nameserver information manager.
[[0;32m  OK  [0m] Started LVM2 metadata daemon.
         Mounting FUSE Control File System...
         Starting Apply Kernel Variables...
         Starting Create Static Device Nodes in /dev...
         Starting Load/Save Random Seed...
         Starting udev Coldplug all Devices...
         Starting Flush Journal to Persistent Storage...
[[0;32m  OK  [0m] Mounted FUSE Control File System.
[[0;32m  OK  [0m] Started Apply Kernel Variables.
[[0;32m  OK  [0m] Started Create Static Device Nodes in /dev.
[[0;32m  OK  [0m] Started Load/Save Random Seed.
[[0;32m  OK  [0m] Started udev Coldplug all Devices.
[[0;32m  OK  [0m] Started Flush Journal to Persistent Storage.
         Starting udev Kernel Device Manager...
[[0;32m  OK  [0m] Started udev Kernel Device Manager.
[[0;32m  OK  [0m] Started Dispatch Password Requests to Console Directory Watch.
[[0;32m  OK  [0m] Started Monitoring of LVM2 mirrors,...ng dmeventd or progress polling.
[[0;32m  OK  [0m] Reached target Local File Systems (Pre).
[[0;32m  OK  [0m] Reached target Local File Systems.
         Starting Set console font and keymap...
         Starting Commit a transient machine-id on disk...
         Starting Tell Plymouth To Write Out Runtime Data...
         Starting Create Volatile Files and Directories...
         Starting LSB: AppArmor initialization...
         Starting Initial cloud-init job (pre-networking)...
[[0;32m  OK  [0m] Started Commit a transient machine-id on disk.
[[0;32m  OK  [0m] Started Tell Plymouth To Write Out Runtime Data.
[[0;32m  OK  [0m] Started Create Volatile Files and Directories.
         Starting Update UTMP about System Boot/Shutdown...
[[0;32m  OK  [0m] Started Update UTMP about System Boot/Shutdown.
[[0;32m  OK  [0m] Found device /dev/ttyS0.
[[0;32m  OK  [0m] Listening on Load/Save RF Kill Switch Status /dev/rfkill Watch.
[[0;32m  OK  [0m] Started Set console font and keymap.
[[0;32m  OK  [0m] Started Initial cloud-init job (pre-networking).
[[0;32m  OK  [0m] Reached target Network (Pre).
[[0;32m  OK  [0m] Created slice system-getty.slice.
[    7.554160] cloud-init[488]: Cloud-init v. 18.3-9-g2e62cb8a-0ubuntu1~16.04.2 running 'init-local' at Mon, 29 Oct 2018 22:17:19 +0000. Up 7.07 seconds.
[[0;32m  OK  [0m] Started LSB: AppArmor initialization.
         Starting Raise network interfaces...
[[0;32m  OK  [0m] Started Raise network interfaces.
         Starting Initial cloud-init job (metadata service crawler)...
[[0;32m  OK  [0m] Reached target Network.
[    8.993026] cloud-init[937]: Cloud-init v. 18.3-9-g2e62cb8a-0ubuntu1~16.04.2 running 'init' at Mon, 29 Oct 2018 22:17:21 +0000. Up 8.56 seconds.
[    9.052868] cloud-init[937]: ci-info: ++++++++++++++++++++++++++++++++++++++Net device info+++++++++++++++++++++++++++++++++++++++
[[0;32m  OK  [0m[    9.088672] cloud-init[937]: ci-info: +--------+-------+----------------------------+---------------+--------+-------------------+
[    9.088774] cloud-init[937]: ci-info: | Device |   Up  |          Address           |      Mask     | Scope  |     Hw-Address    |
[    9.088868] cloud-init[937]: ci-info: +--------+-------+----------------------------+---------------+--------+-------------------+
[    9.088966] cloud-init[937]: ci-info: | enp0s3 |  True |         10.0.2.15          | 255.255.255.0 | global | 02:9f:4a:0a:1b:63 |
[    9.089054] cloud-init[937]: ci-info: | enp0s3 |  True | fe80::9f:4aff:fe0a:1b63/64 |       .       |  link  | 02:9f:4a:0a:1b:63 |
[    9.089137] cloud-init[937]: ci-info: | enp0s8 | False |             .              |       .       |   .    | 08:00:27:82:85:be |
[    9.089218] cloud-init[937]: ci-info: |   lo   |  True |         127.0.0.1          |   255.0.0.0   |  host  |         .         |
[    9.089299] cloud-init[937]: ci-info: |   lo   |  True |          ::1/128           |       .       |  host  |         .         |
[    9.089384] cloud-init[937]: ci-info: +--------+-------+----------------------------+---------------+--------+-------------------+
[    9.089465] cloud-init[937]: ci-info: +++++++++++++++++++++++++++Route IPv4 info++++++++++++++++++++++++++++
[    9.089556] cloud-init[937]: ci-info: +-------+-------------+----------+---------------+-----------+-------+
[    9.089641] cloud-init[937]: ci-info: | Route | Destination | Gateway  |    Genmask    | Interface | Flags |
[    9.089724] cloud-init[937]: ci-info: +-------+-------------+----------+---------------+-----------+-------+
[    9.089807] cloud-init[937]: ci-info: |   0   |   0.0.0.0   | 10.0.2.2 |    0.0.0.0    |   enp0s3  |   UG  |
[    9.089889] cloud-init[937]: ci-info: |   1   |   10.0.2.0  | 0.0.0.0  | 255.255.255.0 |   enp0s3  |   U   |
[    9.089969] cloud-init[937]: ci-info: +-------+-------------+----------+---------------+-----------+-------+
[    9.090049] cloud-init[937]: ci-info: +++++++++++++++++++Route IPv6 info+++++++++++++++++++
[    9.090131] cloud-init[937]: ci-info: +-------+-------------+---------+-----------+-------+
[    9.090211] cloud-init[937]: ci-info: | Route | Destination | Gateway | Interface | Flags |
[    9.090292] cloud-init[937]: ci-info: +-------+-------------+---------+-----------+-------+
[    9.090372] cloud-init[937]: ci-info: |   0   |  fe80::/64  |    ::   |   enp0s3  |   U   |
[    9.090477] cloud-init[937]: ci-info: |   3   |   ff00::/8  |    ::   |   enp0s3  |   U   |
[    9.090566] cloud-init[937]: ci-info: +-------+-------------+---------+-----------+-------+
[    9.090647] cloud-init[937]: Generating public/private rsa key pair.
[    9.090728] cloud-init[937]: Your identification has been saved in /etc/ssh/ssh_host_rsa_key.
[    9.090808] cloud-init[937]: Your public key has been saved in /etc/ssh/ssh_host_rsa_key.pub.
[    9.090890] cloud-init[937]: The key fingerprint is:
[    9.091959] cloud-init[937]: SHA256:oIfDW1mj4m7kf1tqPzko8SpXF4bXp20lZBG5HCenPw4 root@ubuntu-xenial
[    9.092052] cloud-init[937]: The key's randomart image is:
[    9.092132] cloud-init[937]: +---[RSA 2048]----+
[    9.092225] cloud-init[937]: |              o+ |
[    9.092304] cloud-init[937]: |              * o|
[    9.092379] cloud-init[937]: |      . o. . + B |
] Started Initial cloud-init job (metadata service crawler).
[    9.092532] cloud-init[937]: |   . o =..+ . * .|
[    9.392460] cloud-init[937]: |    * = So . + + |
[[0;32m  OK  [0m] Reached target Network is Online.
         Starting iSCSI initiator daemon (iscsid)...
[    9.400075] cloud-init[937]: |   ..*. . . .Eo..|
[    9.402760] cloud-init[937]: |   oo  + o.. .o .|
[[0;32m  OK  [0m] Reached target System Initialization.
[    9.416180] cloud-init[937]:          Starting LXD - unix socket.
[[0;32m  OK  [0m] Started Daily apt download activities.
|   .+ o =o+    . |
[    9.426882] cloud-init[937]: |   ..+o=oo.o     |[[0;32m  OK  [0m] Listening on D-Bus System Message Bus Socket.
[[0;32m  OK  [0m
[    9.433809] cloud-init[937]: +----[SHA256]-----+
[    9.434939] cloud-init[937]: Generating public/private dsa key pair.
[    9.434977] cloud-init[937]: Your identification has been saved in /etc/ssh/ssh_host_dsa_key.
[    9.435008] cloud-init[937]: Your public key has been saved in /etc/ssh/ssh_host_dsa_key.pub.
[    9.435038] cloud-init[937]: The key fingerprint is:
[    9.435180] cloud-init[937]: SHA256:8E2kAvf4hhZ5VbEENzzfXmZNq9hJ6lVjq3PMqeplW3c root@ubuntu-xenial
[    9.435219] cloud-init[937]: The key's randomart image is:
[    9.435249] cloud-init[937]: +---[DSA 1024]----+
[    9.435277] cloud-init[937]: |    . .   ++*.   |
[    9.435306] cloud-init[937]: |     o + + ooo  .|
[    9.435334] cloud-init[937]: |      * + . .o oo|
[    9.435363] cloud-init[937]: |       O o   ..=*|
[    9.435391] cloud-init[937]: |      o S . = =++|
[    9.435419] cloud-init[937]: |     . .   o = ..|
[    9.435448] cloud-init[937]: |          . .o+.E|
[    9.435475] cloud-init[937]: |           .ooo=o|
[    9.435504] cloud-init[937]: |          .o.o+  |
[    9.435535] cloud-init[937]: +----[SHA256]-----+
[    9.435563] cloud-init[937]: Generating public/private ecdsa key pair.
[    9.435592] cloud-init[937]: Your identification has been saved in /etc/ssh/ssh_host_ecdsa_key.
[    9.435620] cloud-init[937]: Your public key has been saved in /etc/ssh/ssh_host_ecdsa_key.pub.
[    9.435648] cloud-init[937]: The key fingerprint is:
[    9.435698] cloud-init[937]: SHA256:nq3GdIX28N8zf/TlWgqJsFFsVx0dEIeI9gpb0byQ2ZM root@ubuntu-xenial
[    9.435730] cloud-init[937]: The key's randomart image is:
[    9.435759] cloud-init[937]: +---[ECDSA 256]---+
[    9.435787] cloud-init[937]: |          B oo==+|
[    9.435815] cloud-init[937]: |         O E o. o|
[    9.435843] cloud-init[937]: |        . B.+    |
[    9.435871] cloud-init[937]: |       . +++.    |
[    9.435902] cloud-init[937]: |        S..=     |
[    9.435930] cloud-init[937]: |       o.B..o.  o|
[    9.435958] cloud-init[937]: |       o+.o o. ++|
[    9.435987] cloud-init[937]: |        o.   ..==|
[    9.436015] cloud-init[937]: |       ..     o.*|
] Listening on ACPID Listen Socket.
[    9.446099] cloud-init[937]: [[0;32m  OK  [0m] Listening on UUID daemon activation socket.
[[0;32m  OK  [0m] Started Daily Cleanup of Temporary Directories.
+----[SHA256]-----+
[    9.520490] cloud-init[937]: Generating public/private ed25519 key pair.
[[0;32m  OK  [0m] Started ACPI Events Check.
[    9.535611] cloud-init[937]: [[0;32m  OK  [0m] Reached target Paths.
         Starting Socket activation for snappy daemon.
[[0;32m  OK  [0m] Started Daily apt upgrade and clean activities.
[[0;32m  OK  [0m] Reached target Timers.
[[0;32m  OK  [0m] Reached target Cloud-config availability.
Your identification has been saved in /etc/ssh/ssh_host_ed25519_key.
[[0;32m  OK  [0m] Listening on LXD - unix socket.[    9.577339] cloud-init[937]: Your public key has been saved in /etc/ssh/ssh_host_ed25519_key.pub.
[[0;32m  OK  [0m] Listening on Socket activation for snappy daemon.
[[0;32m  OK  [0m] Started iSCSI initiator daemon (iscsid).

[    9.585901] cloud-init[937]: The key fingerprint is:
[    9.588709] cloud-init[937]: SHA256:mo2t3xNuzexzX8s+ENTG1ro6H85hMYzjFGD8N3MQkkk root@ubuntu-xenial
[    9.594880] cloud-init[937]: The key's randomart image is:
[    9.608417] cloud-init[937]: +--[ED25519 256]--+
         Starting Login to default iSCSI targets...
[[0;32m  OK  [0m] Reached target Sockets.
[    9.615306] cloud-init[937]: |         .o.Eo+..|
[[0;32m  OK  [0m] Reached target Basic System.
[    9.620020] cloud-init[937]: |         ...oo.=.|
         Starting Accounts Service...
[    9.627586] cloud-init[937]:          Starting Snappy daemon...|           .o oo |

         Starting System Logging Service...
[[0;32m  OK  [0m] Started ACPI event daemon.
         Starting /etc/rc.local Compatibility...
[    9.663279] [[0;32m  OK  [0m] Started Regular background program processing daemon.
         Starting LXD - container startup/shutdown...
         Starting Pollinate to seed the pseudo random number generator...
[[0;32m  OK  [0m] Started FUSE filesystem for LXC.
         Starting LSB: MD monitoring daemon...
[[0;32m  OK  [0m] Started D-Bus System Message Bus.
cloud-init[937]: |            .== .|
[    9.736210] cloud-init[937]: |        S   +.== |
[    9.743517]          Starting LSB: Record successful boot for GRUB...
         Starting Virtualbox guest utils...
[[0;32m  OK  [0m] cloud-init[937]: Started Unattended Upgrades Shutdown.
         Starting Login Service...
[[0;32m  OK  [0m] Started Deferred execution scheduler.
[[0;32m  OK  [0m] Started System Logging Service.
[[0;32m  OK  [0m] Started /etc/rc.local Compatibility.
|       *  .o o.o |
[[0;32m  OK  [0m] Started Login to default iSCSI targets.
[    9.824921] cloud-init[937]: |      + o. =..= .|
[    9.840755] cloud-init[937]: |       . .+ B+o+o|
[    9.867309] cloud-init[937]: |      .....o.===o|
[    9.901892] cloud-init[937]: +----[SHA256]-----+
         Starting Authenticate and Authorize Users to Run Privileged Tasks...
[[0;32m  OK  [0m] Reached target Remote File Systems (Pre).
[[0;32m  OK  [0m] Reached target Remote File Systems.
         Starting LSB: Set the CPU Frequency Scaling governor to "ondemand"...
         Starting LSB: automatic crash report generation...
         Starting LSB: daemon to balance interrupts for SMP systems...
         Starting Permit User Sessions...
[[0;32m  OK  [0m] Started LXD - container startup/shutdown.
[[0;32m  OK  [0m] Started LSB: MD monitoring daemon.
[[0;32m  OK  [0m] Started LSB: Record successful boot for GRUB.
[[0;32m  OK  [0m] Started Permit User Sessions.
[[0;32m  OK  [0m] Started Login Service.
[[0;32m  OK  [0m] Started Authenticate and Authorize Users to Run Privileged Tasks.
[[0;32m  OK  [0m] Started Accounts Service.
[[0;32m  OK  [0m] Started LSB: Set the CPU Frequency Scaling governor to "ondemand".
[[0;32m  OK  [0m] Started Virtualbox guest utils.
         Starting Hold until boot process finishes up...
         Starting Terminate Plymouth Boot Screen...
[[0;32m  OK  [0m] Started LSB: automatic crash report generation.
[[0;32m  OK  [0m] Started Hold until boot process finishes up.
[[0;32m  OK  [0m] Started Terminate Plymouth Boot Screen.
[[0;32m  OK  [0m] Started Serial Getty on ttyS0.
         Starting Set console scheme...
[[0;32m  OK  [0m] Started Getty on tty1.
[[0;32m  OK  [0m] Reached target Login Prompts.
[[0;32m  OK  [0m] Started Snappy daemon.
[[0;32m  OK  [0m] Started LSB: daemon to balance interrupts for SMP systems.
[[0;32m  OK  [0m] Started Set console scheme.
         Starting Wait until snapd is fully seeded...
[[0;32m  OK  [0m] Started Pollinate to seed the pseudo random number generator.
         Starting OpenBSD Secure Shell server...
[[0;32m  OK  [0m] Started OpenBSD Secure Shell server.
[[0;32m  OK  [0m] Created slice User Slice of vagrant.
         Starting User Manager for UID 1000...
[[0;32m  OK  [0m] Started Session 1 of user vagrant.
[[0;32m  OK  [0m] Started User Manager for UID 1000.
         Stopping User Manager for UID 1000...
[[0;32m  OK  [0m] Stopped User Manager for UID 1000.
[[0;32m  OK  [0m] Removed slice User Slice of vagrant.
[[0;32m  OK  [0m] Started Wait until snapd is fully seeded.
         Starting Apply the settings specified in cloud-config...
[[0;32m  OK  [0m] Reached target Multi-User System.
[[0;32m  OK  [0m] Reached target Graphical Interface.
         Starting Update UTMP about System Runlevel Changes...
[[0;32m  OK  [0m] Started Update UTMP about System Runlevel Changes.
[[0;32m  OK  [0m] Created slice User Slice of vagrant.
         Starting User Manager for UID 1000...
[[0;32m  OK  [0m] Started Session 2 of user vagrant.
[[0;32m  OK  [0m] Started User Manager for UID 1000.
[   13.395570] cloud-init[1480]: Generating locales (this might take a while)...
[   14.471922] cloud-init[1480]:   en_US.UTF-8... done
[   14.492435] cloud-init[1480]: Generation complete.
[   14.876336] cloud-init[1480]: Cloud-init v. 18.3-9-g2e62cb8a-0ubuntu1~16.04.2 running 'modules:config' at Mon, 29 Oct 2018 22:17:25 +0000. Up 13.26 seconds.
[[0;32m  OK  [0m] Started Apply the settings specified in cloud-config.
         Starting Execute cloud user/final scripts...
ci-info: no authorized ssh keys fingerprints found for user ubuntu.
<14>Oct 29 22:17:28 ec2: 
<14>Oct 29 22:17:28 ec2: #############################################################
<14>Oct 29 22:17:28 ec2: -----BEGIN SSH HOST KEY FINGERPRINTS-----
<14>Oct 29 22:17:28 ec2: 1024 SHA256:8E2kAvf4hhZ5VbEENzzfXmZNq9hJ6lVjq3PMqeplW3c root@ubuntu-xenial (DSA)
<14>Oct 29 22:17:28 ec2: 256 SHA256:nq3GdIX28N8zf/TlWgqJsFFsVx0dEIeI9gpb0byQ2ZM root@ubuntu-xenial (ECDSA)
<14>Oct 29 22:17:28 ec2: 256 SHA256:mo2t3xNuzexzX8s+ENTG1ro6H85hMYzjFGD8N3MQkkk root@ubuntu-xenial (ED25519)
<14>Oct 29 22:17:28 ec2: 2048 SHA256:oIfDW1mj4m7kf1tqPzko8SpXF4bXp20lZBG5HCenPw4 root@ubuntu-xenial (RSA)
<14>Oct 29 22:17:28 ec2: -----END SSH HOST KEY FINGERPRINTS-----
<14>Oct 29 22:17:28 ec2: #############################################################
-----BEGIN SSH HOST KEY KEYS-----
ecdsa-sha2-nistp256 AAAAE2VjZHNhLXNoYTItbmlzdHAyNTYAAAAIbmlzdHAyNTYAAABBBJdxNxBfiNUqwzy1+VOtBD7oVsvnZ77sdnfNIbx+2lRXf80SvXEvoS+ktm/c/+sED1QgkIZcuvzd0Xee8wQqm+o= root@ubuntu-xenial
ssh-ed25519 AAAAC3NzaC1lZDI1NTE5AAAAIGkK0IOifiGMnczl5kes80FtvbpmapPUMAMHfj3qYHHA root@ubuntu-xenial
ssh-rsa AAAAB3NzaC1yc2EAAAADAQABAAABAQCnAj6d1hHNe6BVPN3RoKah5uklDCGp6BDc5QFcyuZlrCnBA7CX5BZejxima2CYo8E/5XuLikwgEXkn78lsIpwP2TAffPwXAeBym0fyXiOzKIKqIa//nBpkCqY8hExrDhcqwELthEU4PC7vW8+JmJnsUxcGI8m6IDAfCBS8KxaLoH1p4l2M0OYKrIM5y03oexc/W5LEholzLgscVIOZdL6YG2b3zTTiqRt3TMYR6Xm5Oay+d0AcjXJEBZPTU870MSarY0Vo4e74ToNzK7+WNpCUv5R+bKh37SdyMB+sUmLO3pK5on+2L2mh15Zznzh8nz7GOQ+VmOLhOUxMMYGeTu8L root@ubuntu-xenial
-----END SSH HOST KEY KEYS-----
[   15.739801] cloud-init[1856]: Cloud-init v. 18.3-9-g2e62cb8a-0ubuntu1~16.04.2 running 'modules:final' at Mon, 29 Oct 2018 22:17:27 +0000. Up 15.38 seconds.
[   15.739970] cloud-init[1856]: ci-info: no authorized ssh keys fingerprints found for user ubuntu.
[   15.740067] cloud-init[1856]: Cloud-init v. 18.3-9-g2e62cb8a-0ubuntu1~16.04.2 finished at Mon, 29 Oct 2018 22:17:28 +0000. Datasource DataSourceNoCloud [seed=/dev/sdb][dsmode=net].  Up 15.71 seconds

Ubuntu 16.04.5 LTS ubuntu-xenial ttyS0

ubuntu-xenial login: [  161.271540] Out of memory: Kill process 6499 (kube-apiserver) score 1476 or sacrifice child
[  161.327875] Killed process 6499 (kube-apiserver) total-vm:368348kB, anon-rss:241648kB, file-rss:0kB
[  179.807523] Out of memory: Kill process 6792 (kube-apiserver) score 1460 or sacrifice child
[  179.829319] Killed process 6792 (kube-apiserver) total-vm:356984kB, anon-rss:233804kB, file-rss:0kB
